1744204192693:goodbye
1744204241071:help
1744204250539:hello Maksim
1744204306807:hello
1744204383150:github-activity
1744204508769:github-activity Maksim
1744204576397:help
1744204587125:github-activity
1744204771523:github-activity a
1744204790457:github-activity
1744204804105:help
1744222288097:github-activity
1744222302792:github-activity Maksim;
1744222311755:github-activity
1744222322317:github-activity jkldajkd;
1744222376997:github-activity
1744222388741:github-activity Maksim
1744356004368:help
1744356009877:github-acrivity
1744356019562:github-activity
1744356026716:github-activity Maksim
1744365791154:github-activity
1744365806044:github-activity Junk-debug
1744370661918:help
1744370672872:github
1744370683357:github Junk-debug
1744370694908:github Daniel3886
1744370784620:github
1744370791292:github Daniel3886
1744370876179:stacktrace
1744371279427:help
1744371299403:github Daniel3886
1744371323995:github Daniel3886 JavaScript
1744371335302:stacktrace
1744377538636:github Daniel3886
1744377549748:github Daniel 3886 JavaScript
1744377565847:stacktrace
1744377775711:github Daniel3886 JavaScript
1744377789064:stacktrace
1744378493047:github
1744378502221:github Daniel3886 JavaScript
1744389505475:help
1744389523482:github Daniel3886 JavaScript
1744389930958:help
1744389943302:github Daniel3886 JavaScript
1744391015108:help
1744391025410:github Daniel3886 index.htm
1744391034541:github Daniel3886 index.html
1744391608811:help
1744391617388:github-activity Daniel3886 index.html
1744391819777:github Daniel3886 index.html
1744391833372:github-activity Daniel3886 index.html
1744392530886:github-activity Daniel3886 index.html --page 2
1744392543008:github-activity Daniel3886 index.html --page 3
1744392553130:github-activity Daniel3886 index.html --page 4
1744392558435:github-activity Daniel3886 index.html --page 5
1744393004807:github-activity Daniel3886 Examix
1744393132878:github-activity Daniel3886 Java
1744393997930:github-activity Daniel3886 Java --page 2
1744394000421:github-activity Daniel3886 Java --page 3
1744394102753:github-activity Daniel3886 Java
1744394107334:--page 2
1744394119757:stacktrace
1744394164715:github-activity Daniel3886 Java
1744394169050:page 2
1744394221890:github-activity Daniel3886 Java
1744394228056:github-activity Daniel3886 Java --page 2
1744394230452:github-activity Daniel3886 Java --page 3
1744394435429:help
1744394445696:github-activity Daniel 3886 Java
1744394456978:github-activity Daniel3886 Java
1744394464213:github-activity Daniel3886 Java --page 2
1744394466595:github-activity Daniel3886 Java --page 3
1744394471483:github-activity Daniel3886 Java --page 1
